This file contains any messages produced by compilers while
running configure, to aid debugging if configure makes a mistake.

configure:530: checking for gcc
configure:607: checking whether we are using GNU C
configure:616: gcc -E conftest.c
configure:631: checking whether gcc accepts -g
configure:706: checking host system type
configure:727: checking target system type
configure:745: checking build system type
configure:810: checking for a BSD compatible install
configure:862: checking for Cygwin32 environment
configure:874: gcc -c -g -O2  conftest.c 1>&5
configure: In function `main':
configure:870: `__CYGWIN32__' undeclared (first use this function)
configure:870: (Each undeclared identifier is reported only once
configure:870: for each function it appears in.)
gcc: Internal compiler error: program cc1 got fatal signal 33
configure: failed program was:
#line 867 "configure"
#include "confdefs.h"

int main() {
int main () { return __CYGWIN32__; }
; return 0; }
configure:892: checking for executable suffix
