This file contains any messages produced by compilers while
running configure, to aid debugging if configure makes a mistake.

configure:543: checking for gcc
configure:620: checking whether the C compiler (gcc  ) works
configure:634: gcc -o conftest    conftest.c  1>&5
configure:654: checking whether the C compiler (gcc  ) is a cross-compiler
configure:659: checking whether we are using GNU C
configure:668: gcc -E conftest.c
configure:683: checking whether gcc accepts -g
configure:711: checking how to run the C preprocessor
configure:732: gcc -E  conftest.c >/dev/null 2>conftest.out
configure:772: checking for AIX
configure:797: checking for minix/config.h
configure:807: gcc -E  conftest.c >/dev/null 2>conftest.out
configure:803: minix/config.h: No such file or directory
configure: failed program was:
#line 802 "configure"
#include "confdefs.h"
#include <minix/config.h>
configure:845: checking for POSIXized ISC
configure:913: checking host system type
configure:934: checking target system type
configure:952: checking build system type
configure:997: checking for a BSD compatible install
configure:1055: checking for ar
configure:1086: checking for ranlib
configure:1153: checking for bison
configure:1153: checking for byacc
configure:1187: checking for mawk
configure:1187: checking for gawk
configure:1237: checking for ANSI C header files
configure:1250: gcc -E  conftest.c >/dev/null 2>conftest.out
configure:1317: gcc -o conftest -g -O2   conftest.c  1>&5
configure:1344: checking for limits.h
configure:1354: gcc -E  conftest.c >/dev/null 2>conftest.out
configure:1344: checking for memory.h
configure:1354: gcc -E  conftest.c >/dev/null 2>conftest.out
configure:1344: checking for string.h
configure:1354: gcc -E  conftest.c >/dev/null 2>conftest.out
configure:1344: checking for strings.h
configure:1354: gcc -E  conftest.c >/dev/null 2>conftest.out
configure:1344: checking for unistd.h
configure:1354: gcc -E  conftest.c >/dev/null 2>conftest.out
configure:1344: checking for termios.h
configure:1354: gcc -E  conftest.c >/dev/null 2>conftest.out
configure:1344: checking for termio.h
configure:1354: gcc -E  conftest.c >/dev/null 2>conftest.out
configure:1350: termio.h: No such file or directory
configure: failed program was:
#line 1349 "configure"
#include "confdefs.h"
#include <termio.h>
configure:1344: checking for sgtty.h
configure:1354: gcc -E  conftest.c >/dev/null 2>conftest.out
configure:1350: sgtty.h: No such file or directory
configure: failed program was:
#line 1349 "configure"
#include "confdefs.h"
#include <sgtty.h>
configure:1344: checking for stddef.h
configure:1354: gcc -E  conftest.c >/dev/null 2>conftest.out
configure:1344: checking for stdlib.h
configure:1354: gcc -E  conftest.c >/dev/null 2>conftest.out
configure:1344: checking for sys/procfs.h
configure:1354: gcc -E  conftest.c >/dev/null 2>conftest.out
configure:1344: checking for link.h
configure:1354: gcc -E  conftest.c >/dev/null 2>conftest.out
configure:1350: link.h: No such file or directory
configure: failed program was:
#line 1349 "configure"
#include "confdefs.h"
#include <link.h>
configure:1344: checking for endian.h
configure:1354: gcc -E  conftest.c >/dev/null 2>conftest.out
configure:1350: endian.h: No such file or directory
configure: failed program was:
#line 1349 "configure"
#include "confdefs.h"
#include <endian.h>
configure:1344: checking for objlist.h
configure:1354: gcc -E  conftest.c >/dev/null 2>conftest.out
configure:1350: objlist.h: No such file or directory
configure: failed program was:
#line 1349 "configure"
#include "confdefs.h"
#include <objlist.h>
configure:1381: checking whether stat file-mode macros are broken
configure:1438: checking for working const
configure:1492: gcc -c -g -O2  conftest.c 1>&5
configure:1516: checking for setpgid
configure:1544: gcc -o conftest -g -O2   conftest.c  1>&5
configure:1516: checking for sbrk
configure:1544: gcc -o conftest -g -O2   conftest.c  1>&5
//E/TEMP/ccaaZJae1.o: In function `main':
//J/image/gdb/configure:1538: undefined reference to `sbrk'
configure: failed program was:
#line 1521 "configure"
#include "confdefs.h"
/* System header to define __stub macros and hopefully few prototypes,
    which can conflict with char sbrk(); below.  */
#include <assert.h>
/* Override any gcc2 internal prototype to avoid an error.  */
/* We use char because int might match the return type of a gcc2
    builtin and then its argument prototype would still apply.  */
char sbrk();

int main() {

/* The GNU C library defines this for functions which it implements
    to always fail with ENOSYS.  Some functions are actually named
    something starting with __ and the normal name is an alias.  */
#if defined (__stub_sbrk) || defined (__stub___sbrk)
choke me
#else
sbrk();
#endif

; return 0; }
configure:1516: checking for select
configure:1544: gcc -o conftest -g -O2   conftest.c  1>&5
configure:1516: checking for poll
configure:1544: gcc -o conftest -g -O2   conftest.c  1>&5
configure:1586: checking for gregset_t type
configure:1598: gcc -o conftest -g -O2   conftest.c  1>&5
configure:1619: checking for fpregset_t type
configure:1631: gcc -o conftest -g -O2   conftest.c  1>&5
configure:1652: checking for main in -lm
configure:1667: gcc -o conftest -g -O2   conftest.c -lm   1>&5
configure:1697: checking for long long support in compiler
configure:1712: gcc -c -g -O2  conftest.c 1>&5
configure:1734: checking for long long support in printf
configure:1752: gcc -o conftest -g -O2   conftest.c -lm  1>&5
configure:1776: checking for long double support in compiler
configure:1788: gcc -c -g -O2  conftest.c 1>&5
configure:1810: checking for long double support in printf
configure:1828: gcc -o conftest -g -O2   conftest.c -lm  1>&5
configure:1854: checking for unistd.h
configure:1893: checking for getpagesize
configure:1921: gcc -o conftest -g -O2   conftest.c -lm  1>&5
configure:1946: checking for working mmap
configure:2094: gcc -o conftest -g -O2   conftest.c -lm  1>&5
configure: failed program was:
#line 1954 "configure"
#include "confdefs.h"

/* Thanks to Mike Haertel and Jim Avera for this test.
   Here is a matrix of mmap possibilities:
	mmap private not fixed
	mmap private fixed at somewhere currently unmapped
	mmap private fixed at somewhere already mapped
	mmap shared not fixed
	mmap shared fixed at somewhere currently unmapped
	mmap shared fixed at somewhere already mapped
   For private mappings, we should verify that changes cannot be read()
   back from the file, nor mmap's back from the file at a different
   address.  (There have been systems where private was not correctly
   implemented like the infamous i386 svr4.0, and systems where the
   VM page cache was not coherent with the filesystem buffer cache
   like early versions of FreeBSD and possibly contemporary NetBSD.)
   For shared mappings, we should conversely verify that changes get
   propogated back to all the places they're supposed to be.

   Grep wants private fixed already mapped.
   The main things grep needs to know about mmap are:
   * does it exist and is it safe to write into the mmap'd area
   * how to use it (BSD variants)  */
#include <sys/types.h>
#include <fcntl.h>
#include <sys/mman.h>

/* This mess was copied from the GNU getpagesize.h.  */
#ifndef HAVE_GETPAGESIZE
# ifdef HAVE_UNISTD_H
#  include <unistd.h>
# endif

/* Assume that all systems that can run configure have sys/param.h.  */
# ifndef HAVE_SYS_PARAM_H
#  define HAVE_SYS_PARAM_H 1
# endif

# ifdef _SC_PAGESIZE
#  define getpagesize() sysconf(_SC_PAGESIZE)
# else /* no _SC_PAGESIZE */
#  ifdef HAVE_SYS_PARAM_H
#   include <sys/param.h>
#   ifdef EXEC_PAGESIZE
#    define getpagesize() EXEC_PAGESIZE
#   else /* no EXEC_PAGESIZE */
#    ifdef NBPG
#     define getpagesize() NBPG * CLSIZE
#     ifndef CLSIZE
#      define CLSIZE 1
#     endif /* no CLSIZE */
#    else /* no NBPG */
#     ifdef NBPC
#      define getpagesize() NBPC
#     else /* no NBPC */
#      ifdef PAGESIZE
#       define getpagesize() PAGESIZE
#      endif /* PAGESIZE */
#     endif /* no NBPC */
#    endif /* no NBPG */
#   endif /* no EXEC_PAGESIZE */
#  else /* no HAVE_SYS_PARAM_H */
#   define getpagesize() 8192	/* punt totally */
#  endif /* no HAVE_SYS_PARAM_H */
# endif /* no _SC_PAGESIZE */

#endif /* no HAVE_GETPAGESIZE */

#ifdef __cplusplus
extern "C" { void *malloc(unsigned); }
#else
char *malloc();
#endif

int
main()
{
	char *data, *data2, *data3;
	int i, pagesize;
	int fd;

	pagesize = getpagesize();

	/*
	 * First, make a file with some known garbage in it.
	 */
	data = malloc(pagesize);
	if (!data)
		exit(1);
	for (i = 0; i < pagesize; ++i)
		*(data + i) = rand();
	umask(0);
	fd = creat("conftestmmap", 0600);
	if (fd < 0)
		exit(1);
	if (write(fd, data, pagesize) != pagesize)
		exit(1);
	close(fd);

	/*
	 * Next, try to mmap the file at a fixed address which
	 * already has something else allocated at it.  If we can,
	 * also make sure that we see the same garbage.
	 */
	fd = open("conftestmmap", O_RDWR);
	if (fd < 0)
		exit(1);
	data2 = malloc(2 * pagesize);
	if (!data2)
		exit(1);
	data2 += (pagesize - ((int) data2 & (pagesize - 1))) & (pagesize - 1);
	if (data2 != mmap(data2, pagesize, PROT_READ | PROT_WRITE,
	    MAP_PRIVATE | MAP_FIXED, fd, 0L))
		exit(1);
	for (i = 0; i < pagesize; ++i)
		if (*(data + i) != *(data2 + i))
			exit(1);

	/*
	 * Finally, make sure that changes to the mapped area
	 * do not percolate back to the file as seen by read().
	 * (This is a bug on some variants of i386 svr4.0.)
	 */
	for (i = 0; i < pagesize; ++i)
		*(data2 + i) = *(data2 + i) + 1;
	data3 = malloc(pagesize);
	if (!data3)
		exit(1);
	if (read(fd, data3, pagesize) != pagesize)
		exit(1);
	for (i = 0; i < pagesize; ++i)
		if (*(data + i) != *(data3 + i))
			exit(1);
	close(fd);
	unlink("conftestmmap");
	exit(0);
}

configure:2118: checking whether malloc must be declared
configure:2144: gcc -c -g -O2  conftest.c 1>&5
configure:2166: checking whether realloc must be declared
configure:2192: gcc -c -g -O2  conftest.c 1>&5
configure:2214: checking whether free must be declared
configure:2240: gcc -c -g -O2  conftest.c 1>&5
configure:2451: checking for Tcl configuration
configure:2559: checking for Tk configuration
configure:3071: checking whether ln -s works
